2019-03-08 20:23:05,559 INFO =========================================
2019-03-08 20:23:05,560 INFO Starting execution...
2019-03-08 20:23:05,563 INFO ###### Summary ######
2019-03-08 20:23:05,563 INFO Execution has been finished
2019-03-08 20:23:05,564 INFO Files to check: 3
2019-03-08 20:23:05,564 INFO Checked files: 3
2019-03-08 20:23:05,565 INFO Modified files: 3
2019-03-08 20:23:05,565 INFO Not modified files: 0
2019-03-08 20:23:05,565 INFO ==============================================
2019-03-08 20:23:15,557 INFO =========================================
2019-03-08 20:23:15,558 INFO Starting execution...
2019-03-08 20:23:15,561 INFO ###### Summary ######
2019-03-08 20:23:15,561 INFO Execution has been finished
2019-03-08 20:23:15,562 INFO Files to check: 3
2019-03-08 20:23:15,562 INFO Checked files: 3
2019-03-08 20:23:15,562 INFO Modified files: 3
2019-03-08 20:23:15,562 INFO Not modified files: 0
2019-03-08 20:23:15,562 INFO ==============================================
2019-03-08 20:23:25,558 INFO =========================================
2019-03-08 20:23:25,558 INFO Starting execution...
2019-03-08 20:23:25,560 INFO ###### Summary ######
2019-03-08 20:23:25,561 INFO Execution has been finished
2019-03-08 20:23:25,561 INFO Files to check: 3
2019-03-08 20:23:25,561 INFO Checked files: 3
2019-03-08 20:23:25,561 INFO Modified files: 3
2019-03-08 20:23:25,561 INFO Not modified files: 0
2019-03-08 20:23:25,561 INFO ==============================================
2019-03-08 20:23:35,557 INFO =========================================
2019-03-08 20:23:35,558 INFO Starting execution...
2019-03-08 20:23:35,562 INFO ###### Summary ######
2019-03-08 20:23:35,562 INFO Execution has been finished
2019-03-08 20:23:35,562 INFO Files to check: 3
2019-03-08 20:23:35,563 INFO Checked files: 3
2019-03-08 20:23:35,563 INFO Modified files: 3
2019-03-08 20:23:35,563 INFO Not modified files: 0
2019-03-08 20:23:35,563 INFO ==============================================
